20:53:38.745 [main] INFO  testCases.TC001_AccountRegistrationTest Providing customer details...
20:53:40.033 [main] INFO  testCases.TC001_AccountRegistrationTest Validating expected message..
20:54:21.642 [main] INFO  org.testng.internal.Utils [TestNG] Running:
  C:\Users\Shubham\eclipse-workspace\OpencartV121\testng.xml

20:55:05.517 [main] INFO  testCases.TC001_AccountRegistrationTest ******Starting TC001_AccountRegistrationTest ******
20:55:05.899 [main] INFO  testCases.TC001_AccountRegistrationTest Clicked on MyAccount Link
20:55:06.569 [main] INFO  testCases.TC001_AccountRegistrationTest clicked on Register Link..
20:55:06.576 [main] INFO  testCases.TC001_AccountRegistrationTest Providing customer details...
20:55:07.456 [main] INFO  testCases.TC001_AccountRegistrationTest Validating expected message..
20:55:47.059 [main] INFO  org.testng.internal.Utils [TestNG] Running:
  C:\Users\Shubham\eclipse-workspace\OpencartV121\testng.xml

20:55:52.217 [main] INFO  testCases.TC001_AccountRegistrationTest ******Starting TC001_AccountRegistrationTest ******
20:55:52.566 [main] INFO  testCases.TC001_AccountRegistrationTest Clicked on MyAccount Link
20:55:53.028 [main] INFO  testCases.TC001_AccountRegistrationTest clicked on Register Link..
20:55:53.031 [main] INFO  testCases.TC001_AccountRegistrationTest Providing customer details...
20:55:53.984 [main] INFO  testCases.TC001_AccountRegistrationTest Validating expected message..
21:23:24.244 [main] INFO  org.testng.internal.Utils [TestNG] Running:
  C:\Users\Shubham\eclipse-workspace\OpencartV121\testng2.xml

21:23:27.424 [main] INFO  testCases.TC001_AccountRegistrationTest ******Starting TC001_AccountRegistrationTest ******
21:23:27.821 [main] INFO  testCases.TC001_AccountRegistrationTest Clicked on MyAccount Link
21:23:28.234 [main] INFO  testCases.TC001_AccountRegistrationTest clicked on Register Link..
21:23:28.239 [main] INFO  testCases.TC001_AccountRegistrationTest Providing customer details...
21:23:29.286 [main] INFO  testCases.TC001_AccountRegistrationTest Validating expected message..
21:23:35.468 [main] INFO  testCases.TC001_AccountRegistrationTest ******Starting TC001_AccountRegistrationTest ******
21:23:35.829 [main] INFO  testCases.TC001_AccountRegistrationTest Clicked on MyAccount Link
21:23:36.410 [main] INFO  testCases.TC001_AccountRegistrationTest clicked on Register Link..
21:23:36.411 [main] INFO  testCases.TC001_AccountRegistrationTest Providing customer details...
21:23:37.137 [main] INFO  testCases.TC001_AccountRegistrationTest Validating expected message..
21:23:43.679 [main] INFO  testCases.TC001_AccountRegistrationTest ******Starting TC001_AccountRegistrationTest ******
21:23:43.828 [main] INFO  testCases.TC001_AccountRegistrationTest Clicked on MyAccount Link
21:23:44.228 [main] INFO  testCases.TC001_AccountRegistrationTest clicked on Register Link..
21:23:44.229 [main] INFO  testCases.TC001_AccountRegistrationTest Providing customer details...
21:23:45.282 [main] INFO  testCases.TC001_AccountRegistrationTest Validating expected message..
21:24:50.640 [main] INFO  org.testng.internal.Utils [TestNG] Running:
  C:\Users\Shubham\eclipse-workspace\OpencartV121\testng2.xml

21:24:55.198 [TestNG-tests-1] INFO  testCases.TC001_AccountRegistrationTest ******Starting TC001_AccountRegistrationTest ******
21:24:55.714 [TestNG-tests-1] INFO  testCases.TC001_AccountRegistrationTest Clicked on MyAccount Link
21:24:57.310 [TestNG-tests-1] INFO  testCases.TC001_AccountRegistrationTest clicked on Register Link..
21:24:57.348 [TestNG-tests-1] INFO  testCases.TC001_AccountRegistrationTest Providing customer details...
21:25:03.345 [TestNG-tests-3] INFO  testCases.TC001_AccountRegistrationTest ******Starting TC001_AccountRegistrationTest ******
21:25:04.368 [TestNG-tests-2] INFO  testCases.TC001_AccountRegistrationTest ******Starting TC001_AccountRegistrationTest ******
21:25:04.713 [TestNG-tests-2] INFO  testCases.TC001_AccountRegistrationTest Clicked on MyAccount Link
21:25:04.819 [TestNG-tests-3] INFO  testCases.TC001_AccountRegistrationTest Clicked on MyAccount Link
21:25:05.257 [TestNG-tests-2] INFO  testCases.TC001_AccountRegistrationTest clicked on Register Link..
21:25:05.258 [TestNG-tests-2] INFO  testCases.TC001_AccountRegistrationTest Providing customer details...
21:25:05.686 [TestNG-tests-3] INFO  testCases.TC001_AccountRegistrationTest clicked on Register Link..
21:25:05.689 [TestNG-tests-3] INFO  testCases.TC001_AccountRegistrationTest Providing customer details...
21:25:06.182 [TestNG-tests-2] INFO  testCases.TC001_AccountRegistrationTest Validating expected message..
21:25:07.566 [TestNG-tests-1] INFO  testCases.TC001_AccountRegistrationTest Validating expected message..
21:25:07.817 [TestNG-tests-3] INFO  testCases.TC001_AccountRegistrationTest Validating expected message..
23:45:49.724 [main] INFO  org.testng.internal.Utils [TestNG] Running:
  C:\Users\Shubham\eclipse-workspace\OpencartV121\testng.xml

