23:45:58.264 [main] INFO  testCases.TC001_AccountRegistrationTest ******Starting TC001_AccountRegistrationTest ******
23:45:58.346 [main] INFO  testCases.TC001_AccountRegistrationTest Clicked on MyAccount Link
23:45:58.811 [main] INFO  testCases.TC001_AccountRegistrationTest clicked on Register Link..
23:45:58.814 [main] INFO  testCases.TC001_AccountRegistrationTest Providing customer details...
23:46:00.283 [main] INFO  testCases.TC001_AccountRegistrationTest Validating expected message..
01:44:38.730 [main] INFO  org.testng.internal.Utils [TestNG] Running:
  C:\Users\Shubham\eclipse-workspace\OpencartV121\testng.xml

01:44:48.932 [main] INFO  testCases.TC001_AccountRegistrationTest ******Starting TC001_AccountRegistrationTest ******
01:44:49.016 [main] INFO  testCases.TC001_AccountRegistrationTest Clicked on MyAccount Link
01:44:49.549 [main] INFO  testCases.TC001_AccountRegistrationTest clicked on Register Link..
01:44:49.554 [main] INFO  testCases.TC001_AccountRegistrationTest Providing customer details...
01:44:50.653 [main] INFO  testCases.TC001_AccountRegistrationTest Validating expected message..
01:50:50.146 [main] INFO  org.testng.internal.Utils [TestNG] Running:
  C:\Users\Shubham\eclipse-workspace\OpencartV121\testng.xml

01:50:53.804 [main] INFO  testCases.TC002_LoginTest ******Starting TC002_LoginTest
01:59:40.294 [main] INFO  org.testng.internal.Utils [TestNG] Running:
  C:\Users\Shubham\eclipse-workspace\OpencartV121\testng.xml

01:59:43.568 [main] INFO  testCases.TC002_LoginTest ******Starting TC002_LoginTest
12:43:12.260 [main] INFO  org.testng.internal.Utils [TestNG] Running:
  C:\Users\Shubham\eclipse-workspace\OpencartV121\testng.xml

12:43:22.763 [main] INFO  testCases.TC002_LoginTest ******Starting TC002_LoginTest
13:09:09.212 [main] INFO  org.testng.internal.Utils [TestNG] Running:
  C:\Users\Shubham\eclipse-workspace\OpencartV121\testng.xml

13:09:14.374 [main] INFO  testCases.TC002_LoginTest ******Starting TC002_LoginTest
14:26:19.740 [main] INFO  org.testng.internal.Utils [TestNG] Running:
  C:\Users\Shubham\eclipse-workspace\OpencartV121\testng.xml

14:26:27.878 [main] INFO  testCases.TC003_LoginDDT ******starting TC_003_LoginDDT*******
14:26:39.169 [main] INFO  testCases.TC003_LoginDDT ******starting TC_003_LoginDDT*******
14:26:51.739 [main] INFO  testCases.TC003_LoginDDT ******starting TC_003_LoginDDT*******
14:27:03.596 [main] INFO  testCases.TC003_LoginDDT ******starting TC_003_LoginDDT*******
14:27:15.900 [main] INFO  testCases.TC003_LoginDDT ******starting TC_003_LoginDDT*******
14:29:50.634 [main] INFO  org.testng.internal.Utils [TestNG] Running:
  C:\Users\Shubham\eclipse-workspace\OpencartV121\testng.xml

14:29:54.742 [main] INFO  testCases.TC003_LoginDDT ******starting TC_003_LoginDDT*******
14:29:56.258 [main] INFO  testCases.TC003_LoginDDT ******starting TC_003_LoginDDT*******
14:30:07.270 [main] INFO  testCases.TC003_LoginDDT ******starting TC_003_LoginDDT*******
14:30:21.035 [main] INFO  testCases.TC003_LoginDDT ******starting TC_003_LoginDDT*******
14:30:32.452 [main] INFO  testCases.TC003_LoginDDT ******starting TC_003_LoginDDT*******
14:33:52.906 [main] INFO  org.testng.internal.Utils [TestNG] Running:
  C:\Users\Shubham\eclipse-workspace\OpencartV121\testng.xml

14:33:57.212 [main] INFO  testCases.TC003_LoginDDT ******starting TC_003_LoginDDT*******
14:33:58.627 [main] INFO  testCases.TC003_LoginDDT ******starting TC_003_LoginDDT*******
14:34:09.684 [main] INFO  testCases.TC003_LoginDDT ******starting TC_003_LoginDDT*******
14:34:20.909 [main] INFO  testCases.TC003_LoginDDT ******starting TC_003_LoginDDT*******
14:34:32.089 [main] INFO  testCases.TC003_LoginDDT ******starting TC_003_LoginDDT*******
14:56:06.437 [main] INFO  org.testng.internal.Utils [TestNG] Running:
  C:\Users\Shubham\eclipse-workspace\OpencartV121\testng.xml

14:56:11.761 [main] INFO  testCases.TC003_LoginDDT ******starting TC_003_LoginDDT*******
14:56:13.192 [main] INFO  testCases.TC003_LoginDDT ******starting TC_003_LoginDDT*******
14:56:24.155 [main] INFO  testCases.TC003_LoginDDT ******starting TC_003_LoginDDT*******
14:56:36.175 [main] INFO  testCases.TC003_LoginDDT ******starting TC_003_LoginDDT*******
14:56:47.754 [main] INFO  testCases.TC003_LoginDDT ******starting TC_003_LoginDDT*******
15:04:42.226 [main] INFO  org.testng.internal.Utils [TestNG] Running:
  C:\Users\Shubham\eclipse-workspace\OpencartV121\testng.xml

15:04:46.578 [main] INFO  testCases.TC003_LoginDDT ******starting TC_003_LoginDDT*******
15:04:48.082 [main] INFO  testCases.TC003_LoginDDT ******starting TC_003_LoginDDT*******
15:04:59.055 [main] INFO  testCases.TC003_LoginDDT ******starting TC_003_LoginDDT*******
15:05:12.032 [main] INFO  testCases.TC003_LoginDDT ******starting TC_003_LoginDDT*******
15:05:24.557 [main] INFO  testCases.TC003_LoginDDT ******starting TC_003_LoginDDT*******
15:10:17.245 [main] INFO  org.testng.internal.Utils [TestNG] Running:
  C:\Users\Shubham\eclipse-workspace\OpencartV121\testng.xml

